[2023-05-12T19:03:35.918+0000] {taskinstance.py:1090} INFO - Dependencies all met for dep_context=non-requeueable deps ti=<TaskInstance: gnews_covid_dag.load manual__2023-05-12T19:03:08.191033+00:00 [queued]>
[2023-05-12T19:03:35.930+0000] {taskinstance.py:1090} INFO - Dependencies all met for dep_context=requeueable deps ti=<TaskInstance: gnews_covid_dag.load manual__2023-05-12T19:03:08.191033+00:00 [queued]>
[2023-05-12T19:03:35.930+0000] {taskinstance.py:1288} INFO - 
--------------------------------------------------------------------------------
[2023-05-12T19:03:35.931+0000] {taskinstance.py:1289} INFO - Starting attempt 1 of 1
[2023-05-12T19:03:35.932+0000] {taskinstance.py:1290} INFO - 
--------------------------------------------------------------------------------
[2023-05-12T19:03:35.981+0000] {taskinstance.py:1309} INFO - Executing <Task(PythonOperator): load> on 2023-05-12 19:03:08.191033+00:00
[2023-05-12T19:03:35.987+0000] {standard_task_runner.py:55} INFO - Started process 13245 to run task
[2023-05-12T19:03:35.991+0000] {standard_task_runner.py:82} INFO - Running: ['airflow', 'tasks', 'run', 'gnews_covid_dag', 'load', 'manual__2023-05-12T19:03:08.191033+00:00', '--job-id', '10', '--raw', '--subdir', 'DAGS_FOLDER/etl_dag.py', '--cfg-path', '/tmp/tmptptkk54c']
[2023-05-12T19:03:35.994+0000] {standard_task_runner.py:83} INFO - Job 10: Subtask load
[2023-05-12T19:03:36.037+0000] {logging_mixin.py:137} WARNING - /opt/.cache/virtualenvs/tienda-amiga-l3PB3FXG-py3.9/lib/python3.9/site-packages/airflow/settings.py:250 DeprecationWarning: The sql_alchemy_conn option in [core] has been moved to the sql_alchemy_conn option in [database] - the old setting has been used, but please update your config.
[2023-05-12T19:03:36.098+0000] {task_command.py:389} INFO - Running <TaskInstance: gnews_covid_dag.load manual__2023-05-12T19:03:08.191033+00:00 [running]> on host ae84a291cf74
[2023-05-12T19:03:36.200+0000] {taskinstance.py:1516} INFO - Exporting the following env vars:
AIRFLOW_CTX_DAG_OWNER=airflow
AIRFLOW_CTX_DAG_ID=gnews_covid_dag
AIRFLOW_CTX_TASK_ID=load
AIRFLOW_CTX_EXECUTION_DATE=2023-05-12T19:03:08.191033+00:00
AIRFLOW_CTX_TRY_NUMBER=1
AIRFLOW_CTX_DAG_RUN_ID=manual__2023-05-12T19:03:08.191033+00:00
[2023-05-12T19:03:36.348+0000] {base.py:73} INFO - Using connection ID 'pg_conn' for task execution.
[2023-05-12T19:03:37.001+0000] {python.py:177} INFO - Done. Returned value was: None
[2023-05-12T19:03:37.013+0000] {taskinstance.py:1327} INFO - Marking task as SUCCESS. dag_id=gnews_covid_dag, task_id=load, execution_date=20230512T190308, start_date=20230512T190335, end_date=20230512T190337
[2023-05-12T19:03:37.087+0000] {local_task_job.py:212} INFO - Task exited with return code 0
[2023-05-12T19:03:37.105+0000] {taskinstance.py:2596} INFO - 0 downstream tasks scheduled from follow-on schedule check
