[2023-05-12T19:45:27.953+0000] {taskinstance.py:1090} INFO - Dependencies all met for dep_context=non-requeueable deps ti=<TaskInstance: gnews_bitcoin_dag.transform_jct manual__2023-05-12T19:44:58.496192+00:00 [queued]>
[2023-05-12T19:45:27.965+0000] {taskinstance.py:1090} INFO - Dependencies all met for dep_context=requeueable deps ti=<TaskInstance: gnews_bitcoin_dag.transform_jct manual__2023-05-12T19:44:58.496192+00:00 [queued]>
[2023-05-12T19:45:27.966+0000] {taskinstance.py:1288} INFO - 
--------------------------------------------------------------------------------
[2023-05-12T19:45:27.966+0000] {taskinstance.py:1289} INFO - Starting attempt 1 of 1
[2023-05-12T19:45:27.967+0000] {taskinstance.py:1290} INFO - 
--------------------------------------------------------------------------------
[2023-05-12T19:45:28.012+0000] {taskinstance.py:1309} INFO - Executing <Task(PythonOperator): transform_jct> on 2023-05-12 19:44:58.496192+00:00
[2023-05-12T19:45:28.020+0000] {standard_task_runner.py:55} INFO - Started process 14044 to run task
[2023-05-12T19:45:28.024+0000] {standard_task_runner.py:82} INFO - Running: ['airflow', 'tasks', 'run', 'gnews_bitcoin_dag', 'transform_jct', 'manual__2023-05-12T19:44:58.496192+00:00', '--job-id', '17', '--raw', '--subdir', 'DAGS_FOLDER/etl_dag_jct.py', '--cfg-path', '/tmp/tmpi9gbc94d']
[2023-05-12T19:45:28.028+0000] {standard_task_runner.py:83} INFO - Job 17: Subtask transform_jct
[2023-05-12T19:45:28.063+0000] {logging_mixin.py:137} WARNING - /opt/.cache/virtualenvs/tienda-amiga-l3PB3FXG-py3.9/lib/python3.9/site-packages/airflow/settings.py:250 DeprecationWarning: The sql_alchemy_conn option in [core] has been moved to the sql_alchemy_conn option in [database] - the old setting has been used, but please update your config.
[2023-05-12T19:45:28.128+0000] {task_command.py:389} INFO - Running <TaskInstance: gnews_bitcoin_dag.transform_jct manual__2023-05-12T19:44:58.496192+00:00 [running]> on host ae84a291cf74
[2023-05-12T19:45:28.262+0000] {taskinstance.py:1516} INFO - Exporting the following env vars:
AIRFLOW_CTX_DAG_OWNER=airflow
AIRFLOW_CTX_DAG_ID=gnews_bitcoin_dag
AIRFLOW_CTX_TASK_ID=transform_jct
AIRFLOW_CTX_EXECUTION_DATE=2023-05-12T19:44:58.496192+00:00
AIRFLOW_CTX_TRY_NUMBER=1
AIRFLOW_CTX_DAG_RUN_ID=manual__2023-05-12T19:44:58.496192+00:00
[2023-05-12T19:45:28.391+0000] {python.py:177} INFO - Done. Returned value was: None
[2023-05-12T19:45:28.402+0000] {taskinstance.py:1327} INFO - Marking task as SUCCESS. dag_id=gnews_bitcoin_dag, task_id=transform_jct, execution_date=20230512T194458, start_date=20230512T194527, end_date=20230512T194528
[2023-05-12T19:45:28.478+0000] {local_task_job.py:212} INFO - Task exited with return code 0
[2023-05-12T19:45:28.506+0000] {taskinstance.py:2596} INFO - 1 downstream tasks scheduled from follow-on schedule check
