[2023-05-12T16:36:28.934+0000] {taskinstance.py:1090} INFO - Dependencies all met for dep_context=non-requeueable deps ti=<TaskInstance: gnews_covid_dag.extract manual__2023-05-12T16:36:24.544272+00:00 [queued]>
[2023-05-12T16:36:28.947+0000] {taskinstance.py:1090} INFO - Dependencies all met for dep_context=requeueable deps ti=<TaskInstance: gnews_covid_dag.extract manual__2023-05-12T16:36:24.544272+00:00 [queued]>
[2023-05-12T16:36:28.948+0000] {taskinstance.py:1288} INFO - 
--------------------------------------------------------------------------------
[2023-05-12T16:36:28.949+0000] {taskinstance.py:1289} INFO - Starting attempt 1 of 1
[2023-05-12T16:36:28.966+0000] {taskinstance.py:1290} INFO - 
--------------------------------------------------------------------------------
[2023-05-12T16:36:29.017+0000] {taskinstance.py:1309} INFO - Executing <Task(PythonOperator): extract> on 2023-05-12 16:36:24.544272+00:00
[2023-05-12T16:36:29.022+0000] {standard_task_runner.py:55} INFO - Started process 11793 to run task
[2023-05-12T16:36:29.026+0000] {standard_task_runner.py:82} INFO - Running: ['airflow', 'tasks', 'run', 'gnews_covid_dag', 'extract', 'manual__2023-05-12T16:36:24.544272+00:00', '--job-id', '5', '--raw', '--subdir', 'DAGS_FOLDER/etl_dag.py', '--cfg-path', '/tmp/tmpvgh9ohtk']
[2023-05-12T16:36:29.031+0000] {standard_task_runner.py:83} INFO - Job 5: Subtask extract
[2023-05-12T16:36:29.089+0000] {logging_mixin.py:137} WARNING - /opt/.cache/virtualenvs/tienda-amiga-l3PB3FXG-py3.9/lib/python3.9/site-packages/airflow/settings.py:250 DeprecationWarning: The sql_alchemy_conn option in [core] has been moved to the sql_alchemy_conn option in [database] - the old setting has been used, but please update your config.
[2023-05-12T16:36:29.160+0000] {task_command.py:389} INFO - Running <TaskInstance: gnews_covid_dag.extract manual__2023-05-12T16:36:24.544272+00:00 [running]> on host ae84a291cf74
[2023-05-12T16:36:29.313+0000] {taskinstance.py:1516} INFO - Exporting the following env vars:
AIRFLOW_CTX_DAG_OWNER=airflow
AIRFLOW_CTX_DAG_ID=gnews_covid_dag
AIRFLOW_CTX_TASK_ID=extract
AIRFLOW_CTX_EXECUTION_DATE=2023-05-12T16:36:24.544272+00:00
AIRFLOW_CTX_TRY_NUMBER=1
AIRFLOW_CTX_DAG_RUN_ID=manual__2023-05-12T16:36:24.544272+00:00
[2023-05-12T16:36:29.315+0000] {extract.py:57} INFO - Getting news from the GNews API... 

[2023-05-12T16:36:45.319+0000] {python.py:177} INFO - Done. Returned value was: None
[2023-05-12T16:36:45.332+0000] {taskinstance.py:1327} INFO - Marking task as SUCCESS. dag_id=gnews_covid_dag, task_id=extract, execution_date=20230512T163624, start_date=20230512T163628, end_date=20230512T163645
[2023-05-12T16:36:45.417+0000] {local_task_job.py:212} INFO - Task exited with return code 0
[2023-05-12T16:36:45.443+0000] {taskinstance.py:2596} INFO - 1 downstream tasks scheduled from follow-on schedule check
